<?xml version="1.0" encoding="UTF-8"?>
<!-- Generated by org.testng.reporters.JUnitReportReporter -->
<testsuite hostname="DESKTOP-UBJGHCU" failures="0" tests="1" name="test.ZerodhaCreateAccountPageTest" time="26.267" errors="0" timestamp="2022-06-27T17:39:53 IST" skipped="0">
  <testcase classname="test.ZerodhaCreateAccountPageTest" name="CreateAccountTest" time="26.267"/>
  <system-out/>
</testsuite> <!-- test.ZerodhaCreateAccountPageTest -->
